0 info it worked if it ends with ok
1 verbose cli [ 'C:\\Program Files\\nodejs\\node.exe',
1 verbose cli   'C:\\Program Files\\nodejs\\node_modules\\npm\\bin\\npm-cli.js',
1 verbose cli   'install',
1 verbose cli   'angular-local-storage' ]
2 info using npm@3.10.8
3 info using node@v6.9.1
4 silly loadCurrentTree Starting
5 silly install loadCurrentTree
6 silly install readLocalPackageData
7 silly fetchPackageMetaData angular-local-storage@^0.5.0
8 silly fetchNamedPackageData angular-local-storage
9 silly mapToRegistry name angular-local-storage
10 silly mapToRegistry using default registry
11 silly mapToRegistry registry https://registry.npmjs.org/
12 silly mapToRegistry data Result {
12 silly mapToRegistry   raw: 'angular-local-storage',
12 silly mapToRegistry   scope: null,
12 silly mapToRegistry   escapedName: 'angular-local-storage',
12 silly mapToRegistry   name: 'angular-local-storage',
12 silly mapToRegistry   rawSpec: '',
12 silly mapToRegistry   spec: 'latest',
12 silly mapToRegistry   type: 'tag' }
13 silly mapToRegistry uri https://registry.npmjs.org/angular-local-storage
14 verbose request uri https://registry.npmjs.org/angular-local-storage
15 verbose request no auth needed
16 info attempt registry request try #1 at 3:32:59 PM
17 verbose request id d8d97a80c286de50
18 verbose etag W/"57c6fe51-8161"
19 verbose lastModified Wed, 31 Aug 2016 15:57:05 GMT
20 http request GET https://registry.npmjs.org/angular-local-storage
21 http 304 https://registry.npmjs.org/angular-local-storage
22 verbose headers { date: 'Tue, 22 Nov 2016 22:32:58 GMT',
22 verbose headers   via: '1.1 varnish',
22 verbose headers   'cache-control': 'max-age=300',
22 verbose headers   etag: 'W/"57c6fe51-8161"',
22 verbose headers   age: '0',
22 verbose headers   connection: 'keep-alive',
22 verbose headers   'x-served-by': 'cache-den6026-DEN',
22 verbose headers   'x-cache': 'HIT',
22 verbose headers   'x-cache-hits': '1',
22 verbose headers   'x-timer': 'S1479853978.404219,VS0,VE54',
22 verbose headers   vary: 'Accept-Encoding' }
23 silly get cb [ 304,
23 silly get   { date: 'Tue, 22 Nov 2016 22:32:58 GMT',
23 silly get     via: '1.1 varnish',
23 silly get     'cache-control': 'max-age=300',
23 silly get     etag: 'W/"57c6fe51-8161"',
23 silly get     age: '0',
23 silly get     connection: 'keep-alive',
23 silly get     'x-served-by': 'cache-den6026-DEN',
23 silly get     'x-cache': 'HIT',
23 silly get     'x-cache-hits': '1',
23 silly get     'x-timer': 'S1479853978.404219,VS0,VE54',
23 silly get     vary: 'Accept-Encoding' } ]
24 verbose etag https://registry.npmjs.org/angular-local-storage from cache
25 verbose get saving angular-local-storage to C:\Users\Joe\AppData\Roaming\npm-cache\registry.npmjs.org\angular-local-storage\.cache.json
26 verbose correctMkdir C:\Users\Joe\AppData\Roaming\npm-cache correctMkdir not in flight; initializing
27 silly install normalizeTree
28 silly loadCurrentTree Finishing
29 silly loadIdealTree Starting
30 silly install loadIdealTree
31 silly cloneCurrentTree Starting
32 silly install cloneCurrentTreeToIdealTree
33 silly cloneCurrentTree Finishing
34 silly loadShrinkwrap Starting
35 silly install loadShrinkwrap
36 silly loadShrinkwrap Finishing
37 silly loadAllDepsIntoIdealTree Starting
38 silly install loadAllDepsIntoIdealTree
39 silly resolveWithNewModule angular-local-storage@0.5.0 checking installable status
40 silly cache add args [ 'angular-local-storage@^0.5.0', null ]
41 verbose cache add spec angular-local-storage@^0.5.0
42 silly cache add parsed spec Result {
42 silly cache add   raw: 'angular-local-storage@^0.5.0',
42 silly cache add   scope: null,
42 silly cache add   escapedName: 'angular-local-storage',
42 silly cache add   name: 'angular-local-storage',
42 silly cache add   rawSpec: '^0.5.0',
42 silly cache add   spec: '>=0.5.0 <0.6.0',
42 silly cache add   type: 'range' }
43 silly addNamed angular-local-storage@>=0.5.0 <0.6.0
44 verbose addNamed ">=0.5.0 <0.6.0" is a valid semver range for angular-local-storage
45 silly addNameRange { name: 'angular-local-storage',
45 silly addNameRange   range: '>=0.5.0 <0.6.0',
45 silly addNameRange   hasData: false }
46 silly mapToRegistry name angular-local-storage
47 silly mapToRegistry using default registry
48 silly mapToRegistry registry https://registry.npmjs.org/
49 silly mapToRegistry data Result {
49 silly mapToRegistry   raw: 'angular-local-storage',
49 silly mapToRegistry   scope: null,
49 silly mapToRegistry   escapedName: 'angular-local-storage',
49 silly mapToRegistry   name: 'angular-local-storage',
49 silly mapToRegistry   rawSpec: '',
49 silly mapToRegistry   spec: 'latest',
49 silly mapToRegistry   type: 'tag' }
50 silly mapToRegistry uri https://registry.npmjs.org/angular-local-storage
51 verbose addNameRange registry:https://registry.npmjs.org/angular-local-storage not in flight; fetching
52 verbose get https://registry.npmjs.org/angular-local-storage not expired, no request
53 silly addNameRange number 2 { name: 'angular-local-storage',
53 silly addNameRange   range: '>=0.5.0 <0.6.0',
53 silly addNameRange   hasData: true }
54 silly addNameRange versions [ 'angular-local-storage',
54 silly addNameRange   [ '0.0.1',
54 silly addNameRange     '0.1.1',
54 silly addNameRange     '0.1.2',
54 silly addNameRange     '0.1.3',
54 silly addNameRange     '0.1.4',
54 silly addNameRange     '0.1.5',
54 silly addNameRange     '0.2.0',
54 silly addNameRange     '0.2.1',
54 silly addNameRange     '0.2.2',
54 silly addNameRange     '0.2.6',
54 silly addNameRange     '0.2.7',
54 silly addNameRange     '0.5.0' ] ]
55 silly addNamed angular-local-storage@0.5.0
56 verbose addNamed "0.5.0" is a plain semver version for angular-local-storage
57 silly cache afterAdd angular-local-storage@0.5.0
58 verbose afterAdd C:\Users\Joe\AppData\Roaming\npm-cache\angular-local-storage\0.5.0\package\package.json not in flight; writing
59 verbose correctMkdir C:\Users\Joe\AppData\Roaming\npm-cache correctMkdir not in flight; initializing
60 verbose afterAdd C:\Users\Joe\AppData\Roaming\npm-cache\angular-local-storage\0.5.0\package\package.json written
61 silly loadAllDepsIntoIdealTree Finishing
62 silly loadIdealTree Finishing
63 silly currentTree ecommerce@1.0.0
63 silly currentTree +-- accepts@1.3.3
63 silly currentTree +-- angular-local-storage@0.5.0
63 silly currentTree +-- ap@0.2.0
63 silly currentTree +-- args-js@0.10.12
63 silly currentTree +-- array-flatten@1.1.1
63 silly currentTree +-- async@2.1.2
63 silly currentTree +-- balanced-match@0.4.2
63 silly currentTree +-- bindings@1.2.1
63 silly currentTree +-- bluebird@2.10.2
63 silly currentTree +-- body-parser@1.15.2
63 silly currentTree +-- brace-expansion@1.1.6
63 silly currentTree +-- bson@0.5.6
63 silly currentTree +-- buffer-shims@1.0.0
63 silly currentTree +-- buffer-writer@1.0.1
63 silly currentTree +-- bytes@2.4.0
63 silly currentTree +-- commander@2.9.0
63 silly currentTree +-- concat-map@0.0.1
63 silly currentTree +-- connect@1.9.2
63 silly currentTree +-- content-disposition@0.5.1
63 silly currentTree +-- content-type@1.0.2
63 silly currentTree +-- cookie-signature@1.0.6
63 silly currentTree +-- cookie@0.3.1
63 silly currentTree +-- core-util-is@1.0.2
63 silly currentTree +-- cors@2.8.1
63 silly currentTree +-- deasync@0.1.9
63 silly currentTree +-- debug@2.2.0
63 silly currentTree +-- depd@1.1.0
63 silly currentTree +-- destroy@1.0.4
63 silly currentTree +-- ee-first@1.1.1
63 silly currentTree +-- encodeurl@1.0.1
63 silly currentTree +-- es6-promise@3.2.1
63 silly currentTree +-- escape-html@1.0.3
63 silly currentTree +-- etag@1.7.0
63 silly currentTree +-- express-sessions@1.0.6
63 silly currentTree | +-- express@2.5.11
63 silly currentTree | +-- mime@1.2.4
63 silly currentTree | `-- qs@0.4.2
63 silly currentTree +-- express@4.14.0
63 silly currentTree +-- finalhandler@0.5.0
63 silly currentTree +-- formidable@1.0.17
63 silly currentTree +-- forwarded@0.1.0
63 silly currentTree +-- fresh@0.3.0
63 silly currentTree +-- fs.realpath@1.0.0
63 silly currentTree +-- generic-pool@2.4.2
63 silly currentTree +-- glob@7.1.1
63 silly currentTree +-- graceful-readlink@1.0.1
63 silly currentTree +-- hooks-fixed@1.2.0
63 silly currentTree +-- http-errors@1.5.0
63 silly currentTree +-- iconv-lite@0.4.13
63 silly currentTree +-- inflight@1.0.6
63 silly currentTree +-- inherits@2.0.1
63 silly currentTree +-- ipaddr.js@1.1.1
63 silly currentTree +-- is-utf8@0.2.1
63 silly currentTree +-- isarray@1.0.0
63 silly currentTree +-- kareem@1.1.3
63 silly currentTree +-- lodash@4.16.6
63 silly currentTree +-- massive@2.5.0
63 silly currentTree | `-- async@0.9.2
63 silly currentTree +-- media-typer@0.3.0
63 silly currentTree +-- merge-descriptors@1.0.1
63 silly currentTree +-- methods@1.1.2
63 silly currentTree +-- mime-db@1.24.0
63 silly currentTree +-- mime-types@2.1.12
63 silly currentTree +-- mime@1.3.4
63 silly currentTree +-- minimatch@3.0.3
63 silly currentTree +-- mkdirp@0.3.0
63 silly currentTree +-- mongodb-core@2.0.13
63 silly currentTree +-- mongodb@2.2.11
63 silly currentTree +-- mongoose@4.6.6
63 silly currentTree +-- mpath@0.2.1
63 silly currentTree +-- mpromise@0.5.5
63 silly currentTree +-- mquery@2.0.0
63 silly currentTree | `-- sliced@0.0.5
63 silly currentTree +-- ms@0.7.1
63 silly currentTree +-- muri@1.1.1
63 silly currentTree +-- nan@2.4.0
63 silly currentTree +-- negotiator@0.6.1
63 silly currentTree +-- npm@4.0.2
63 silly currentTree | +-- abbrev@1.0.9
63 silly currentTree | +-- ansi-regex@2.0.0
63 silly currentTree | +-- ansicolors@0.3.2
63 silly currentTree | +-- ansistyles@0.1.3
63 silly currentTree | +-- aproba@1.0.4
63 silly currentTree | +-- archy@1.0.0
63 silly currentTree | +-- asap@2.0.5
63 silly currentTree | +-- chownr@1.0.1
63 silly currentTree | +-- cmd-shim@2.0.2
63 silly currentTree | +-- columnify@1.5.4
63 silly currentTree | | `-- wcwidth@1.0.0
63 silly currentTree | |   `-- defaults@1.0.3
63 silly currentTree | |     `-- clone@1.0.2
63 silly currentTree | +-- config-chain@1.1.11
63 silly currentTree | | `-- proto-list@1.2.4
63 silly currentTree | +-- debuglog@1.0.1
63 silly currentTree | +-- dezalgo@1.0.3
63 silly currentTree | +-- editor@1.0.0
63 silly currentTree | +-- fs-vacuum@1.2.9
63 silly currentTree | +-- fs-write-stream-atomic@1.0.8
63 silly currentTree | +-- fstream-npm@1.2.0
63 silly currentTree | | `-- fstream-ignore@1.0.5
63 silly currentTree | |   `-- minimatch@3.0.3
63 silly currentTree | |     `-- brace-expansion@1.1.6
63 silly currentTree | |       +-- balanced-match@0.4.2
63 silly currentTree | |       `-- concat-map@0.0.1
63 silly currentTree | +-- fstream@1.0.10
63 silly currentTree | +-- glob@7.1.1
63 silly currentTree | | +-- fs.realpath@1.0.0
63 silly currentTree | | +-- minimatch@3.0.3
63 silly currentTree | | | `-- brace-expansion@1.1.6
63 silly currentTree | | |   +-- balanced-match@0.4.2
63 silly currentTree | | |   `-- concat-map@0.0.1
63 silly currentTree | | `-- path-is-absolute@1.0.1
63 silly currentTree | +-- graceful-fs@4.1.10
63 silly currentTree | +-- has-unicode@2.0.1
63 silly currentTree | +-- hosted-git-info@2.1.5
63 silly currentTree | +-- iferr@0.1.5
63 silly currentTree | +-- imurmurhash@0.1.4
63 silly currentTree | +-- inflight@1.0.6
63 silly currentTree | +-- inherits@2.0.3
63 silly currentTree | +-- ini@1.3.4
63 silly currentTree | +-- init-package-json@1.9.4
63 silly currentTree | | +-- glob@6.0.4
63 silly currentTree | | | +-- minimatch@3.0.3
63 silly currentTree | | | | `-- brace-expansion@1.1.6
63 silly currentTree | | | |   +-- balanced-match@0.4.2
63 silly currentTree | | | |   `-- concat-map@0.0.1
63 silly currentTree | | | `-- path-is-absolute@1.0.0
63 silly currentTree | | `-- promzard@0.3.0
63 silly currentTree | +-- JSONStream@1.2.1
63 silly currentTree | | +-- jsonparse@1.2.0
63 silly currentTree | | `-- through@2.3.8
63 silly currentTree | +-- lockfile@1.0.2
63 silly currentTree | +-- lodash._baseindexof@3.1.0
63 silly currentTree | +-- lodash._baseuniq@4.6.0
63 silly currentTree | | +-- lodash._createset@4.0.3
63 silly currentTree | | `-- lodash._root@3.0.1
63 silly currentTree | +-- lodash._bindcallback@3.0.1
63 silly currentTree | +-- lodash._cacheindexof@3.0.2
63 silly currentTree | +-- lodash._createcache@3.1.2
63 silly currentTree | +-- lodash._getnative@3.9.1
63 silly currentTree | +-- lodash.clonedeep@4.5.0
63 silly currentTree | +-- lodash.restparam@3.6.1
63 silly currentTree | +-- lodash.union@4.6.0
63 silly currentTree | +-- lodash.uniq@4.5.0
63 silly currentTree | +-- lodash.without@4.4.0
63 silly currentTree | +-- mississippi@1.2.0
63 silly currentTree | | +-- concat-stream@1.5.2
63 silly currentTree | | | +-- readable-stream@2.0.6
63 silly currentTree | | | | +-- core-util-is@1.0.2
63 silly currentTree | | | | +-- isarray@1.0.0
63 silly currentTree | | | | +-- process-nextick-args@1.0.7
63 silly currentTree | | | | +-- string_decoder@0.10.31
63 silly currentTree | | | | `-- util-deprecate@1.0.2
63 silly currentTree | | | `-- typedarray@0.0.6
63 silly currentTree | | +-- duplexify@3.4.5
63 silly currentTree | | | +-- end-of-stream@1.0.0
63 silly currentTree | | | | `-- once@1.3.3
63 silly currentTree | | | `-- stream-shift@1.0.0
63 silly currentTree | | +-- end-of-stream@1.1.0
63 silly currentTree | | | `-- once@1.3.3
63 silly currentTree | | +-- flush-write-stream@1.0.0
63 silly currentTree | | +-- from2@2.3.0
63 silly currentTree | | +-- pump@1.0.1
63 silly currentTree | | +-- pumpify@1.3.5
63 silly currentTree | | +-- stream-each@1.1.2
63 silly currentTree | | `-- through2@2.0.1
63 silly currentTree | |   +-- readable-stream@2.0.6
63 silly currentTree | |   | +-- core-util-is@1.0.2
63 silly currentTree | |   | +-- isarray@1.0.0
63 silly currentTree | |   | +-- process-nextick-args@1.0.7
63 silly currentTree | |   | +-- string_decoder@0.10.31
63 silly currentTree | |   | `-- util-deprecate@1.0.2
63 silly currentTree | |   `-- xtend@4.0.1
63 silly currentTree | +-- mkdirp@0.5.1
63 silly currentTree | | `-- minimist@0.0.8
63 silly currentTree | +-- node-gyp@3.4.0
63 silly currentTree | | +-- minimatch@3.0.3
63 silly currentTree | | | `-- brace-expansion@1.1.6
63 silly currentTree | | |   +-- balanced-match@0.4.2
63 silly currentTree | | |   `-- concat-map@0.0.1
63 silly currentTree | | +-- npmlog@3.1.2
63 silly currentTree | | | +-- are-we-there-yet@1.1.2
63 silly currentTree | | | | `-- delegates@1.0.0
63 silly currentTree | | | +-- console-control-strings@1.1.0
63 silly currentTree | | | +-- gauge@2.6.0
63 silly currentTree | | | | +-- has-color@0.1.7
63 silly currentTree | | | | +-- object-assign@4.1.0
63 silly currentTree | | | | +-- signal-exit@3.0.1
63 silly currentTree | | | | +-- string-width@1.0.2
63 silly currentTree | | | | | +-- code-point-at@1.0.0
63 silly currentTree | | | | | | `-- number-is-nan@1.0.0
63 silly currentTree | | | | | `-- is-fullwidth-code-point@1.0.0
63 silly currentTree | | | | |   `-- number-is-nan@1.0.0
63 silly currentTree | | | | `-- wide-align@1.1.0
63 silly currentTree | | | `-- set-blocking@2.0.0
63 silly currentTree | | `-- path-array@1.0.1
63 silly currentTree | |   `-- array-index@1.0.0
63 silly currentTree | |     +-- debug@2.2.0
63 silly currentTree | |     | `-- ms@0.7.1
63 silly currentTree | |     `-- es6-symbol@3.1.0
63 silly currentTree | |       +-- d@0.1.1
63 silly currentTree | |       `-- es5-ext@0.10.12
63 silly currentTree | |         `-- es6-iterator@2.0.0
63 silly currentTree | +-- nopt@3.0.6
63 silly currentTree | +-- normalize-git-url@3.0.2
63 silly currentTree | +-- normalize-package-data@2.3.5
63 silly currentTree | | `-- is-builtin-module@1.0.0
63 silly currentTree | |   `-- builtin-modules@1.1.1
63 silly currentTree | +-- npm-cache-filename@1.0.2
63 silly currentTree | +-- npm-install-checks@3.0.0
63 silly currentTree | +-- npm-package-arg@4.2.0
63 silly currentTree | +-- npm-registry-client@7.3.0
63 silly currentTree | | +-- concat-stream@1.5.2
63 silly currentTree | | | +-- readable-stream@2.0.6
63 silly currentTree | | | | +-- core-util-is@1.0.2
63 silly currentTree | | | | +-- isarray@1.0.0
63 silly currentTree | | | | +-- process-nextick-args@1.0.7
63 silly currentTree | | | | +-- string_decoder@0.10.31
63 silly currentTree | | | | `-- util-deprecate@1.0.2
63 silly currentTree | | | `-- typedarray@0.0.6
63 silly currentTree | | `-- npmlog@3.1.2
63 silly currentTree | |   +-- are-we-there-yet@1.1.2
63 silly currentTree | |   | `-- delegates@1.0.0
63 silly currentTree | |   +-- console-control-strings@1.1.0
63 silly currentTree | |   +-- gauge@2.6.0
63 silly currentTree | |   | +-- has-color@0.1.7
63 silly currentTree | |   | +-- object-assign@4.1.0
63 silly currentTree | |   | +-- signal-exit@3.0.1
63 silly currentTree | |   | +-- string-width@1.0.2
63 silly currentTree | |   | | +-- code-point-at@1.0.1
63 silly currentTree | |   | | | `-- number-is-nan@1.0.1
63 silly currentTree | |   | | `-- is-fullwidth-code-point@1.0.0
63 silly currentTree | |   | |   `-- number-is-nan@1.0.1
63 silly currentTree | |   | `-- wide-align@1.1.0
63 silly currentTree | |   `-- set-blocking@2.0.0
63 silly currentTree | +-- npm-user-validate@0.1.5
63 silly currentTree | +-- npmlog@4.0.0
63 silly currentTree | | +-- are-we-there-yet@1.1.2
63 silly currentTree | | | `-- delegates@1.0.0
63 silly currentTree | | +-- console-control-strings@1.1.0
63 silly currentTree | | +-- gauge@2.6.0
63 silly currentTree | | | +-- has-color@0.1.7
63 silly currentTree | | | +-- object-assign@4.1.0
63 silly currentTree | | | +-- signal-exit@3.0.1
63 silly currentTree | | | +-- string-width@1.0.2
63 silly currentTree | | | | +-- code-point-at@1.0.0
63 silly currentTree | | | | | `-- number-is-nan@1.0.0
63 silly currentTree | | | | `-- is-fullwidth-code-point@1.0.0
63 silly currentTree | | | |   `-- number-is-nan@1.0.0
63 silly currentTree | | | `-- wide-align@1.1.0
63 silly currentTree | | `-- set-blocking@2.0.0
63 silly currentTree | +-- once@1.4.0
63 silly currentTree | +-- opener@1.4.2
63 silly currentTree | +-- osenv@0.1.3
63 silly currentTree | | +-- os-homedir@1.0.1
63 silly currentTree | | `-- os-tmpdir@1.0.1
63 silly currentTree | +-- path-is-inside@1.0.2
63 silly currentTree | +-- read-cmd-shim@1.0.1
63 silly currentTree | +-- read-installed@4.0.3
63 silly currentTree | | `-- util-extend@1.0.3
63 silly currentTree | +-- read-package-json@2.0.4
63 silly currentTree | | +-- glob@6.0.4
63 silly currentTree | | | +-- minimatch@3.0.3
63 silly currentTree | | | | `-- brace-expansion@1.1.6
63 silly currentTree | | | |   +-- balanced-match@0.4.2
63 silly currentTree | | | |   `-- concat-map@0.0.1
63 silly currentTree | | | `-- path-is-absolute@1.0.0
63 silly currentTree | | `-- json-parse-helpfulerror@1.0.3
63 silly currentTree | |   `-- jju@1.3.0
63 silly currentTree | +-- read-package-tree@5.1.5
63 silly currentTree | +-- read@1.0.7
63 silly currentTree | | `-- mute-stream@0.0.5
63 silly currentTree | +-- readable-stream@2.1.5
63 silly currentTree | | +-- buffer-shims@1.0.0
63 silly currentTree | | +-- core-util-is@1.0.2
63 silly currentTree | | +-- isarray@1.0.0
63 silly currentTree | | +-- process-nextick-args@1.0.7
63 silly currentTree | | +-- string_decoder@0.10.31
63 silly currentTree | | `-- util-deprecate@1.0.2
63 silly currentTree | +-- readdir-scoped-modules@1.0.2
63 silly currentTree | +-- realize-package-specifier@3.0.3
63 silly currentTree | +-- request@2.78.0
63 silly currentTree | | +-- aws-sign2@0.6.0
63 silly currentTree | | +-- aws4@1.5.0
63 silly currentTree | | +-- caseless@0.11.0
63 silly currentTree | | +-- combined-stream@1.0.5
63 silly currentTree | | | `-- delayed-stream@1.0.0
63 silly currentTree | | +-- extend@3.0.0
63 silly currentTree | | +-- forever-agent@0.6.1
63 silly currentTree | | +-- form-data@2.1.1
63 silly currentTree | | | `-- asynckit@0.4.0
63 silly currentTree | | +-- har-validator@2.0.6
63 silly currentTree | | | +-- chalk@1.1.3
63 silly currentTree | | | | +-- ansi-styles@2.2.1
63 silly currentTree | | | | +-- escape-string-regexp@1.0.5
63 silly currentTree | | | | +-- has-ansi@2.0.0
63 silly currentTree | | | | `-- supports-color@2.0.0
63 silly currentTree | | | +-- commander@2.9.0
63 silly currentTree | | | | `-- graceful-readlink@1.0.1
63 silly currentTree | | | +-- is-my-json-valid@2.15.0
63 silly currentTree | | | | +-- generate-function@2.0.0
63 silly currentTree | | | | +-- generate-object-property@1.2.0
63 silly currentTree | | | | | `-- is-property@1.0.2
63 silly currentTree | | | | +-- jsonpointer@4.0.0
63 silly currentTree | | | | `-- xtend@4.0.1
63 silly currentTree | | | `-- pinkie-promise@2.0.1
63 silly currentTree | | |   `-- pinkie@2.0.4
63 silly currentTree | | +-- hawk@3.1.3
63 silly currentTree | | | +-- boom@2.10.1
63 silly currentTree | | | +-- cryptiles@2.0.5
63 silly currentTree | | | +-- hoek@2.16.3
63 silly currentTree | | | `-- sntp@1.0.9
63 silly currentTree | | +-- http-signature@1.1.1
63 silly currentTree | | | +-- assert-plus@0.2.0
63 silly currentTree | | | +-- jsprim@1.3.1
63 silly currentTree | | | | +-- extsprintf@1.0.2
63 silly currentTree | | | | +-- json-schema@0.2.3
63 silly currentTree | | | | `-- verror@1.3.6
63 silly currentTree | | | `-- sshpk@1.10.1
63 silly currentTree | | |   +-- asn1@0.2.3
63 silly currentTree | | |   +-- assert-plus@1.0.0
63 silly currentTree | | |   +-- bcrypt-pbkdf@1.0.0
63 silly currentTree | | |   +-- dashdash@1.14.0
63 silly currentTree | | |   +-- ecc-jsbn@0.1.1
63 silly currentTree | | |   +-- getpass@0.1.6
63 silly currentTree | | |   +-- jodid25519@1.0.2
63 silly currentTree | | |   +-- jsbn@0.1.0
63 silly currentTree | | |   `-- tweetnacl@0.14.3
63 silly currentTree | | +-- is-typedarray@1.0.0
63 silly currentTree | | +-- isstream@0.1.2
63 silly currentTree | | +-- json-stringify-safe@5.0.1
63 silly currentTree | | +-- mime-types@2.1.12
63 silly currentTree | | | `-- mime-db@1.24.0
63 silly currentTree | | +-- node-uuid@1.4.7
63 silly currentTree | | +-- oauth-sign@0.8.2
63 silly currentTree | | +-- qs@6.3.0
63 silly currentTree | | +-- stringstream@0.0.5
63 silly currentTree | | +-- tough-cookie@2.3.2
63 silly currentTree | | | `-- punycode@1.4.1
63 silly currentTree | | `-- tunnel-agent@0.4.3
63 silly currentTree | +-- retry@0.10.0
63 silly currentTree | +-- rimraf@2.5.4
63 silly currentTree | +-- semver@5.3.0
63 silly currentTree | +-- sha@2.0.1
63 silly currentTree | +-- slide@1.1.6
63 silly currentTree | +-- sorted-object@2.0.1
63 silly currentTree | +-- sorted-union-stream@2.1.3
63 silly currentTree | | +-- from2@1.3.0
63 silly currentTree | | | `-- readable-stream@1.1.14
63 silly currentTree | | |   +-- core-util-is@1.0.2
63 silly currentTree | | |   +-- isarray@0.0.1
63 silly currentTree | | |   `-- string_decoder@0.10.31
63 silly currentTree | | `-- stream-iterate@1.1.1
63 silly currentTree | +-- strip-ansi@3.0.1
63 silly currentTree | +-- tar@2.2.1
63 silly currentTree | | `-- block-stream@0.0.8
63 silly currentTree | +-- text-table@0.2.0
63 silly currentTree | +-- uid-number@0.0.6
63 silly currentTree | +-- umask@1.1.0
63 silly currentTree | +-- unique-filename@1.1.0
63 silly currentTree | | `-- unique-slug@2.0.0
63 silly currentTree | +-- unpipe@1.0.0
63 silly currentTree | +-- validate-npm-package-license@3.0.1
63 silly currentTree | | +-- spdx-correct@1.0.2
63 silly currentTree | | | `-- spdx-license-ids@1.2.0
63 silly currentTree | | `-- spdx-expression-parse@1.0.2
63 silly currentTree | |   +-- spdx-exceptions@1.0.4
63 silly currentTree | |   `-- spdx-license-ids@1.2.0
63 silly currentTree | +-- validate-npm-package-name@2.2.2
63 silly currentTree | | `-- builtins@0.0.7
63 silly currentTree | +-- which@1.2.11
63 silly currentTree | | `-- isexe@1.1.2
63 silly currentTree | +-- wrappy@1.0.2
63 silly currentTree | `-- write-file-atomic@1.2.0
63 silly currentTree +-- on-finished@2.3.0
63 silly currentTree +-- once@1.4.0
63 silly currentTree +-- packet-reader@0.2.0
63 silly currentTree +-- parseurl@1.3.1
63 silly currentTree +-- path-is-absolute@1.0.1
63 silly currentTree +-- path-to-regexp@0.1.7
63 silly currentTree +-- pg-connection-string@0.1.3
63 silly currentTree +-- pg-cursor@1.0.0
63 silly currentTree +-- pg-query-stream@0.7.0
63 silly currentTree | +-- isarray@0.0.1
63 silly currentTree | `-- readable-stream@1.1.14
63 silly currentTree +-- pg-types@1.11.0
63 silly currentTree +-- pg@4.5.6
63 silly currentTree | `-- semver@4.3.6
63 silly currentTree +-- pgpass@0.0.3
63 silly currentTree +-- postgres-array@1.0.0
63 silly currentTree +-- postgres-bytea@1.0.0
63 silly currentTree +-- postgres-date@1.0.3
63 silly currentTree +-- postgres-interval@1.0.2
63 silly currentTree +-- process-nextick-args@1.0.7
63 silly currentTree +-- proxy-addr@1.1.2
63 silly currentTree +-- qs@6.2.0
63 silly currentTree +-- range-parser@1.2.0
63 silly currentTree +-- raw-body@2.1.7
63 silly currentTree +-- readable-stream@2.1.5
63 silly currentTree +-- redis@0.12.1
63 silly currentTree +-- regexp-clone@0.0.1
63 silly currentTree +-- require_optional@1.0.0
63 silly currentTree +-- resolve-from@2.0.0
63 silly currentTree +-- semver@5.3.0
63 silly currentTree +-- send@0.14.1
63 silly currentTree +-- serve-static@1.11.1
63 silly currentTree +-- setprototypeof@1.0.1
63 silly currentTree +-- sliced@1.0.1
63 silly currentTree +-- split@0.3.3
63 silly currentTree +-- statuses@1.3.0
63 silly currentTree +-- string_decoder@0.10.31
63 silly currentTree +-- strip-bom@2.0.0
63 silly currentTree +-- through@2.3.8
63 silly currentTree +-- type-is@1.6.13
63 silly currentTree +-- underscore@1.8.3
63 silly currentTree +-- unpipe@1.0.0
63 silly currentTree +-- util-deprecate@1.0.2
63 silly currentTree +-- utils-merge@1.0.0
63 silly currentTree +-- vary@1.1.0
63 silly currentTree +-- wrappy@1.0.2
63 silly currentTree `-- xtend@4.0.1
64 silly idealTree ecommerce@1.0.0
64 silly idealTree +-- accepts@1.3.3
64 silly idealTree +-- angular-local-storage@0.5.0
64 silly idealTree +-- ap@0.2.0
64 silly idealTree +-- args-js@0.10.12
64 silly idealTree +-- array-flatten@1.1.1
64 silly idealTree +-- async@2.1.2
64 silly idealTree +-- balanced-match@0.4.2
64 silly idealTree +-- bindings@1.2.1
64 silly idealTree +-- bluebird@2.10.2
64 silly idealTree +-- body-parser@1.15.2
64 silly idealTree +-- brace-expansion@1.1.6
64 silly idealTree +-- bson@0.5.6
64 silly idealTree +-- buffer-shims@1.0.0
64 silly idealTree +-- buffer-writer@1.0.1
64 silly idealTree +-- bytes@2.4.0
64 silly idealTree +-- commander@2.9.0
64 silly idealTree +-- concat-map@0.0.1
64 silly idealTree +-- connect@1.9.2
64 silly idealTree +-- content-disposition@0.5.1
64 silly idealTree +-- content-type@1.0.2
64 silly idealTree +-- cookie-signature@1.0.6
64 silly idealTree +-- cookie@0.3.1
64 silly idealTree +-- core-util-is@1.0.2
64 silly idealTree +-- cors@2.8.1
64 silly idealTree +-- deasync@0.1.9
64 silly idealTree +-- debug@2.2.0
64 silly idealTree +-- depd@1.1.0
64 silly idealTree +-- destroy@1.0.4
64 silly idealTree +-- ee-first@1.1.1
64 silly idealTree +-- encodeurl@1.0.1
64 silly idealTree +-- es6-promise@3.2.1
64 silly idealTree +-- escape-html@1.0.3
64 silly idealTree +-- etag@1.7.0
64 silly idealTree +-- express-sessions@1.0.6
64 silly idealTree | +-- express@2.5.11
64 silly idealTree | +-- mime@1.2.4
64 silly idealTree | `-- qs@0.4.2
64 silly idealTree +-- express@4.14.0
64 silly idealTree +-- finalhandler@0.5.0
64 silly idealTree +-- formidable@1.0.17
64 silly idealTree +-- forwarded@0.1.0
64 silly idealTree +-- fresh@0.3.0
64 silly idealTree +-- fs.realpath@1.0.0
64 silly idealTree +-- generic-pool@2.4.2
64 silly idealTree +-- glob@7.1.1
64 silly idealTree +-- graceful-readlink@1.0.1
64 silly idealTree +-- hooks-fixed@1.2.0
64 silly idealTree +-- http-errors@1.5.0
64 silly idealTree +-- iconv-lite@0.4.13
64 silly idealTree +-- inflight@1.0.6
64 silly idealTree +-- inherits@2.0.1
64 silly idealTree +-- ipaddr.js@1.1.1
64 silly idealTree +-- is-utf8@0.2.1
64 silly idealTree +-- isarray@1.0.0
64 silly idealTree +-- kareem@1.1.3
64 silly idealTree +-- lodash@4.16.6
64 silly idealTree +-- massive@2.5.0
64 silly idealTree | `-- async@0.9.2
64 silly idealTree +-- media-typer@0.3.0
64 silly idealTree +-- merge-descriptors@1.0.1
64 silly idealTree +-- methods@1.1.2
64 silly idealTree +-- mime-db@1.24.0
64 silly idealTree +-- mime-types@2.1.12
64 silly idealTree +-- mime@1.3.4
64 silly idealTree +-- minimatch@3.0.3
64 silly idealTree +-- mkdirp@0.3.0
64 silly idealTree +-- mongodb-core@2.0.13
64 silly idealTree +-- mongodb@2.2.11
64 silly idealTree +-- mongoose@4.6.6
64 silly idealTree +-- mpath@0.2.1
64 silly idealTree +-- mpromise@0.5.5
64 silly idealTree +-- mquery@2.0.0
64 silly idealTree | `-- sliced@0.0.5
64 silly idealTree +-- ms@0.7.1
64 silly idealTree +-- muri@1.1.1
64 silly idealTree +-- nan@2.4.0
64 silly idealTree +-- negotiator@0.6.1
64 silly idealTree +-- npm@4.0.2
64 silly idealTree | +-- abbrev@1.0.9
64 silly idealTree | +-- ansi-regex@2.0.0
64 silly idealTree | +-- ansicolors@0.3.2
64 silly idealTree | +-- ansistyles@0.1.3
64 silly idealTree | +-- aproba@1.0.4
64 silly idealTree | +-- archy@1.0.0
64 silly idealTree | +-- asap@2.0.5
64 silly idealTree | +-- chownr@1.0.1
64 silly idealTree | +-- cmd-shim@2.0.2
64 silly idealTree | +-- columnify@1.5.4
64 silly idealTree | | `-- wcwidth@1.0.0
64 silly idealTree | |   `-- defaults@1.0.3
64 silly idealTree | |     `-- clone@1.0.2
64 silly idealTree | +-- config-chain@1.1.11
64 silly idealTree | | `-- proto-list@1.2.4
64 silly idealTree | +-- debuglog@1.0.1
64 silly idealTree | +-- dezalgo@1.0.3
64 silly idealTree | +-- editor@1.0.0
64 silly idealTree | +-- fs-vacuum@1.2.9
64 silly idealTree | +-- fs-write-stream-atomic@1.0.8
64 silly idealTree | +-- fstream-npm@1.2.0
64 silly idealTree | | `-- fstream-ignore@1.0.5
64 silly idealTree | |   `-- minimatch@3.0.3
64 silly idealTree | |     `-- brace-expansion@1.1.6
64 silly idealTree | |       +-- balanced-match@0.4.2
64 silly idealTree | |       `-- concat-map@0.0.1
64 silly idealTree | +-- fstream@1.0.10
64 silly idealTree | +-- glob@7.1.1
64 silly idealTree | | +-- fs.realpath@1.0.0
64 silly idealTree | | +-- minimatch@3.0.3
64 silly idealTree | | | `-- brace-expansion@1.1.6
64 silly idealTree | | |   +-- balanced-match@0.4.2
64 silly idealTree | | |   `-- concat-map@0.0.1
64 silly idealTree | | `-- path-is-absolute@1.0.1
64 silly idealTree | +-- graceful-fs@4.1.10
64 silly idealTree | +-- has-unicode@2.0.1
64 silly idealTree | +-- hosted-git-info@2.1.5
64 silly idealTree | +-- iferr@0.1.5
64 silly idealTree | +-- imurmurhash@0.1.4
64 silly idealTree | +-- inflight@1.0.6
64 silly idealTree | +-- inherits@2.0.3
64 silly idealTree | +-- ini@1.3.4
64 silly idealTree | +-- init-package-json@1.9.4
64 silly idealTree | | +-- glob@6.0.4
64 silly idealTree | | | +-- minimatch@3.0.3
64 silly idealTree | | | | `-- brace-expansion@1.1.6
64 silly idealTree | | | |   +-- balanced-match@0.4.2
64 silly idealTree | | | |   `-- concat-map@0.0.1
64 silly idealTree | | | `-- path-is-absolute@1.0.0
64 silly idealTree | | `-- promzard@0.3.0
64 silly idealTree | +-- JSONStream@1.2.1
64 silly idealTree | | +-- jsonparse@1.2.0
64 silly idealTree | | `-- through@2.3.8
64 silly idealTree | +-- lockfile@1.0.2
64 silly idealTree | +-- lodash._baseindexof@3.1.0
64 silly idealTree | +-- lodash._baseuniq@4.6.0
64 silly idealTree | | +-- lodash._createset@4.0.3
64 silly idealTree | | `-- lodash._root@3.0.1
64 silly idealTree | +-- lodash._bindcallback@3.0.1
64 silly idealTree | +-- lodash._cacheindexof@3.0.2
64 silly idealTree | +-- lodash._createcache@3.1.2
64 silly idealTree | +-- lodash._getnative@3.9.1
64 silly idealTree | +-- lodash.clonedeep@4.5.0
64 silly idealTree | +-- lodash.restparam@3.6.1
64 silly idealTree | +-- lodash.union@4.6.0
64 silly idealTree | +-- lodash.uniq@4.5.0
64 silly idealTree | +-- lodash.without@4.4.0
64 silly idealTree | +-- mississippi@1.2.0
64 silly idealTree | | +-- concat-stream@1.5.2
64 silly idealTree | | | +-- readable-stream@2.0.6
64 silly idealTree | | | | +-- core-util-is@1.0.2
64 silly idealTree | | | | +-- isarray@1.0.0
64 silly idealTree | | | | +-- process-nextick-args@1.0.7
64 silly idealTree | | | | +-- string_decoder@0.10.31
64 silly idealTree | | | | `-- util-deprecate@1.0.2
64 silly idealTree | | | `-- typedarray@0.0.6
64 silly idealTree | | +-- duplexify@3.4.5
64 silly idealTree | | | +-- end-of-stream@1.0.0
64 silly idealTree | | | | `-- once@1.3.3
64 silly idealTree | | | `-- stream-shift@1.0.0
64 silly idealTree | | +-- end-of-stream@1.1.0
64 silly idealTree | | | `-- once@1.3.3
64 silly idealTree | | +-- flush-write-stream@1.0.0
64 silly idealTree | | +-- from2@2.3.0
64 silly idealTree | | +-- pump@1.0.1
64 silly idealTree | | +-- pumpify@1.3.5
64 silly idealTree | | +-- stream-each@1.1.2
64 silly idealTree | | `-- through2@2.0.1
64 silly idealTree | |   +-- readable-stream@2.0.6
64 silly idealTree | |   | +-- core-util-is@1.0.2
64 silly idealTree | |   | +-- isarray@1.0.0
64 silly idealTree | |   | +-- process-nextick-args@1.0.7
64 silly idealTree | |   | +-- string_decoder@0.10.31
64 silly idealTree | |   | `-- util-deprecate@1.0.2
64 silly idealTree | |   `-- xtend@4.0.1
64 silly idealTree | +-- mkdirp@0.5.1
64 silly idealTree | | `-- minimist@0.0.8
64 silly idealTree | +-- node-gyp@3.4.0
64 silly idealTree | | +-- minimatch@3.0.3
64 silly idealTree | | | `-- brace-expansion@1.1.6
64 silly idealTree | | |   +-- balanced-match@0.4.2
64 silly idealTree | | |   `-- concat-map@0.0.1
64 silly idealTree | | +-- npmlog@3.1.2
64 silly idealTree | | | +-- are-we-there-yet@1.1.2
64 silly idealTree | | | | `-- delegates@1.0.0
64 silly idealTree | | | +-- console-control-strings@1.1.0
64 silly idealTree | | | +-- gauge@2.6.0
64 silly idealTree | | | | +-- has-color@0.1.7
64 silly idealTree | | | | +-- object-assign@4.1.0
64 silly idealTree | | | | +-- signal-exit@3.0.1
64 silly idealTree | | | | +-- string-width@1.0.2
64 silly idealTree | | | | | +-- code-point-at@1.0.0
64 silly idealTree | | | | | | `-- number-is-nan@1.0.0
64 silly idealTree | | | | | `-- is-fullwidth-code-point@1.0.0
64 silly idealTree | | | | |   `-- number-is-nan@1.0.0
64 silly idealTree | | | | `-- wide-align@1.1.0
64 silly idealTree | | | `-- set-blocking@2.0.0
64 silly idealTree | | `-- path-array@1.0.1
64 silly idealTree | |   `-- array-index@1.0.0
64 silly idealTree | |     +-- debug@2.2.0
64 silly idealTree | |     | `-- ms@0.7.1
64 silly idealTree | |     `-- es6-symbol@3.1.0
64 silly idealTree | |       +-- d@0.1.1
64 silly idealTree | |       `-- es5-ext@0.10.12
64 silly idealTree | |         `-- es6-iterator@2.0.0
64 silly idealTree | +-- nopt@3.0.6
64 silly idealTree | +-- normalize-git-url@3.0.2
64 silly idealTree | +-- normalize-package-data@2.3.5
64 silly idealTree | | `-- is-builtin-module@1.0.0
64 silly idealTree | |   `-- builtin-modules@1.1.1
64 silly idealTree | +-- npm-cache-filename@1.0.2
64 silly idealTree | +-- npm-install-checks@3.0.0
64 silly idealTree | +-- npm-package-arg@4.2.0
64 silly idealTree | +-- npm-registry-client@7.3.0
64 silly idealTree | | +-- concat-stream@1.5.2
64 silly idealTree | | | +-- readable-stream@2.0.6
64 silly idealTree | | | | +-- core-util-is@1.0.2
64 silly idealTree | | | | +-- isarray@1.0.0
64 silly idealTree | | | | +-- process-nextick-args@1.0.7
64 silly idealTree | | | | +-- string_decoder@0.10.31
64 silly idealTree | | | | `-- util-deprecate@1.0.2
64 silly idealTree | | | `-- typedarray@0.0.6
64 silly idealTree | | `-- npmlog@3.1.2
64 silly idealTree | |   +-- are-we-there-yet@1.1.2
64 silly idealTree | |   | `-- delegates@1.0.0
64 silly idealTree | |   +-- console-control-strings@1.1.0
64 silly idealTree | |   +-- gauge@2.6.0
64 silly idealTree | |   | +-- has-color@0.1.7
64 silly idealTree | |   | +-- object-assign@4.1.0
64 silly idealTree | |   | +-- signal-exit@3.0.1
64 silly idealTree | |   | +-- string-width@1.0.2
64 silly idealTree | |   | | +-- code-point-at@1.0.1
64 silly idealTree | |   | | | `-- number-is-nan@1.0.1
64 silly idealTree | |   | | `-- is-fullwidth-code-point@1.0.0
64 silly idealTree | |   | |   `-- number-is-nan@1.0.1
64 silly idealTree | |   | `-- wide-align@1.1.0
64 silly idealTree | |   `-- set-blocking@2.0.0
64 silly idealTree | +-- npm-user-validate@0.1.5
64 silly idealTree | +-- npmlog@4.0.0
64 silly idealTree | | +-- are-we-there-yet@1.1.2
64 silly idealTree | | | `-- delegates@1.0.0
64 silly idealTree | | +-- console-control-strings@1.1.0
64 silly idealTree | | +-- gauge@2.6.0
64 silly idealTree | | | +-- has-color@0.1.7
64 silly idealTree | | | +-- object-assign@4.1.0
64 silly idealTree | | | +-- signal-exit@3.0.1
64 silly idealTree | | | +-- string-width@1.0.2
64 silly idealTree | | | | +-- code-point-at@1.0.0
64 silly idealTree | | | | | `-- number-is-nan@1.0.0
64 silly idealTree | | | | `-- is-fullwidth-code-point@1.0.0
64 silly idealTree | | | |   `-- number-is-nan@1.0.0
64 silly idealTree | | | `-- wide-align@1.1.0
64 silly idealTree | | `-- set-blocking@2.0.0
64 silly idealTree | +-- once@1.4.0
64 silly idealTree | +-- opener@1.4.2
64 silly idealTree | +-- osenv@0.1.3
64 silly idealTree | | +-- os-homedir@1.0.1
64 silly idealTree | | `-- os-tmpdir@1.0.1
64 silly idealTree | +-- path-is-inside@1.0.2
64 silly idealTree | +-- read-cmd-shim@1.0.1
64 silly idealTree | +-- read-installed@4.0.3
64 silly idealTree | | `-- util-extend@1.0.3
64 silly idealTree | +-- read-package-json@2.0.4
64 silly idealTree | | +-- glob@6.0.4
64 silly idealTree | | | +-- minimatch@3.0.3
64 silly idealTree | | | | `-- brace-expansion@1.1.6
64 silly idealTree | | | |   +-- balanced-match@0.4.2
64 silly idealTree | | | |   `-- concat-map@0.0.1
64 silly idealTree | | | `-- path-is-absolute@1.0.0
64 silly idealTree | | `-- json-parse-helpfulerror@1.0.3
64 silly idealTree | |   `-- jju@1.3.0
64 silly idealTree | +-- read-package-tree@5.1.5
64 silly idealTree | +-- read@1.0.7
64 silly idealTree | | `-- mute-stream@0.0.5
64 silly idealTree | +-- readable-stream@2.1.5
64 silly idealTree | | +-- buffer-shims@1.0.0
64 silly idealTree | | +-- core-util-is@1.0.2
64 silly idealTree | | +-- isarray@1.0.0
64 silly idealTree | | +-- process-nextick-args@1.0.7
64 silly idealTree | | +-- string_decoder@0.10.31
64 silly idealTree | | `-- util-deprecate@1.0.2
64 silly idealTree | +-- readdir-scoped-modules@1.0.2
64 silly idealTree | +-- realize-package-specifier@3.0.3
64 silly idealTree | +-- request@2.78.0
64 silly idealTree | | +-- aws-sign2@0.6.0
64 silly idealTree | | +-- aws4@1.5.0
64 silly idealTree | | +-- caseless@0.11.0
64 silly idealTree | | +-- combined-stream@1.0.5
64 silly idealTree | | | `-- delayed-stream@1.0.0
64 silly idealTree | | +-- extend@3.0.0
64 silly idealTree | | +-- forever-agent@0.6.1
64 silly idealTree | | +-- form-data@2.1.1
64 silly idealTree | | | `-- asynckit@0.4.0
64 silly idealTree | | +-- har-validator@2.0.6
64 silly idealTree | | | +-- chalk@1.1.3
64 silly idealTree | | | | +-- ansi-styles@2.2.1
64 silly idealTree | | | | +-- escape-string-regexp@1.0.5
64 silly idealTree | | | | +-- has-ansi@2.0.0
64 silly idealTree | | | | `-- supports-color@2.0.0
64 silly idealTree | | | +-- commander@2.9.0
64 silly idealTree | | | | `-- graceful-readlink@1.0.1
64 silly idealTree | | | +-- is-my-json-valid@2.15.0
64 silly idealTree | | | | +-- generate-function@2.0.0
64 silly idealTree | | | | +-- generate-object-property@1.2.0
64 silly idealTree | | | | | `-- is-property@1.0.2
64 silly idealTree | | | | +-- jsonpointer@4.0.0
64 silly idealTree | | | | `-- xtend@4.0.1
64 silly idealTree | | | `-- pinkie-promise@2.0.1
64 silly idealTree | | |   `-- pinkie@2.0.4
64 silly idealTree | | +-- hawk@3.1.3
64 silly idealTree | | | +-- boom@2.10.1
64 silly idealTree | | | +-- cryptiles@2.0.5
64 silly idealTree | | | +-- hoek@2.16.3
64 silly idealTree | | | `-- sntp@1.0.9
64 silly idealTree | | +-- http-signature@1.1.1
64 silly idealTree | | | +-- assert-plus@0.2.0
64 silly idealTree | | | +-- jsprim@1.3.1
64 silly idealTree | | | | +-- extsprintf@1.0.2
64 silly idealTree | | | | +-- json-schema@0.2.3
64 silly idealTree | | | | `-- verror@1.3.6
64 silly idealTree | | | `-- sshpk@1.10.1
64 silly idealTree | | |   +-- asn1@0.2.3
64 silly idealTree | | |   +-- assert-plus@1.0.0
64 silly idealTree | | |   +-- bcrypt-pbkdf@1.0.0
64 silly idealTree | | |   +-- dashdash@1.14.0
64 silly idealTree | | |   +-- ecc-jsbn@0.1.1
64 silly idealTree | | |   +-- getpass@0.1.6
64 silly idealTree | | |   +-- jodid25519@1.0.2
64 silly idealTree | | |   +-- jsbn@0.1.0
64 silly idealTree | | |   `-- tweetnacl@0.14.3
64 silly idealTree | | +-- is-typedarray@1.0.0
64 silly idealTree | | +-- isstream@0.1.2
64 silly idealTree | | +-- json-stringify-safe@5.0.1
64 silly idealTree | | +-- mime-types@2.1.12
64 silly idealTree | | | `-- mime-db@1.24.0
64 silly idealTree | | +-- node-uuid@1.4.7
64 silly idealTree | | +-- oauth-sign@0.8.2
64 silly idealTree | | +-- qs@6.3.0
64 silly idealTree | | +-- stringstream@0.0.5
64 silly idealTree | | +-- tough-cookie@2.3.2
64 silly idealTree | | | `-- punycode@1.4.1
64 silly idealTree | | `-- tunnel-agent@0.4.3
64 silly idealTree | +-- retry@0.10.0
64 silly idealTree | +-- rimraf@2.5.4
64 silly idealTree | +-- semver@5.3.0
64 silly idealTree | +-- sha@2.0.1
64 silly idealTree | +-- slide@1.1.6
64 silly idealTree | +-- sorted-object@2.0.1
64 silly idealTree | +-- sorted-union-stream@2.1.3
64 silly idealTree | | +-- from2@1.3.0
64 silly idealTree | | | `-- readable-stream@1.1.14
64 silly idealTree | | |   +-- core-util-is@1.0.2
64 silly idealTree | | |   +-- isarray@0.0.1
64 silly idealTree | | |   `-- string_decoder@0.10.31
64 silly idealTree | | `-- stream-iterate@1.1.1
64 silly idealTree | +-- strip-ansi@3.0.1
64 silly idealTree | +-- tar@2.2.1
64 silly idealTree | | `-- block-stream@0.0.8
64 silly idealTree | +-- text-table@0.2.0
64 silly idealTree | +-- uid-number@0.0.6
64 silly idealTree | +-- umask@1.1.0
64 silly idealTree | +-- unique-filename@1.1.0
64 silly idealTree | | `-- unique-slug@2.0.0
64 silly idealTree | +-- unpipe@1.0.0
64 silly idealTree | +-- validate-npm-package-license@3.0.1
64 silly idealTree | | +-- spdx-correct@1.0.2
64 silly idealTree | | | `-- spdx-license-ids@1.2.0
64 silly idealTree | | `-- spdx-expression-parse@1.0.2
64 silly idealTree | |   +-- spdx-exceptions@1.0.4
64 silly idealTree | |   `-- spdx-license-ids@1.2.0
64 silly idealTree | +-- validate-npm-package-name@2.2.2
64 silly idealTree | | `-- builtins@0.0.7
64 silly idealTree | +-- which@1.2.11
64 silly idealTree | | `-- isexe@1.1.2
64 silly idealTree | +-- wrappy@1.0.2
64 silly idealTree | `-- write-file-atomic@1.2.0
64 silly idealTree +-- on-finished@2.3.0
64 silly idealTree +-- once@1.4.0
64 silly idealTree +-- packet-reader@0.2.0
64 silly idealTree +-- parseurl@1.3.1
64 silly idealTree +-- path-is-absolute@1.0.1
64 silly idealTree +-- path-to-regexp@0.1.7
64 silly idealTree +-- pg-connection-string@0.1.3
64 silly idealTree +-- pg-cursor@1.0.0
64 silly idealTree +-- pg-query-stream@0.7.0
64 silly idealTree | +-- isarray@0.0.1
64 silly idealTree | `-- readable-stream@1.1.14
64 silly idealTree +-- pg-types@1.11.0
64 silly idealTree +-- pg@4.5.6
64 silly idealTree | `-- semver@4.3.6
64 silly idealTree +-- pgpass@0.0.3
64 silly idealTree +-- postgres-array@1.0.0
64 silly idealTree +-- postgres-bytea@1.0.0
64 silly idealTree +-- postgres-date@1.0.3
64 silly idealTree +-- postgres-interval@1.0.2
64 silly idealTree +-- process-nextick-args@1.0.7
64 silly idealTree +-- proxy-addr@1.1.2
64 silly idealTree +-- qs@6.2.0
64 silly idealTree +-- range-parser@1.2.0
64 silly idealTree +-- raw-body@2.1.7
64 silly idealTree +-- readable-stream@2.1.5
64 silly idealTree +-- redis@0.12.1
64 silly idealTree +-- regexp-clone@0.0.1
64 silly idealTree +-- require_optional@1.0.0
64 silly idealTree +-- resolve-from@2.0.0
64 silly idealTree +-- semver@5.3.0
64 silly idealTree +-- send@0.14.1
64 silly idealTree +-- serve-static@1.11.1
64 silly idealTree +-- setprototypeof@1.0.1
64 silly idealTree +-- sliced@1.0.1
64 silly idealTree +-- split@0.3.3
64 silly idealTree +-- statuses@1.3.0
64 silly idealTree +-- string_decoder@0.10.31
64 silly idealTree +-- strip-bom@2.0.0
64 silly idealTree +-- through@2.3.8
64 silly idealTree +-- type-is@1.6.13
64 silly idealTree +-- underscore@1.8.3
64 silly idealTree +-- unpipe@1.0.0
64 silly idealTree +-- util-deprecate@1.0.2
64 silly idealTree +-- utils-merge@1.0.0
64 silly idealTree +-- vary@1.1.0
64 silly idealTree +-- wrappy@1.0.2
64 silly idealTree `-- xtend@4.0.1
65 silly generateActionsToTake Starting
66 silly install generateActionsToTake
67 silly generateActionsToTake Finishing
68 silly diffTrees action count 1
69 silly diffTrees update angular-local-storage@0.5.0
70 silly decomposeActions action count 8
71 silly decomposeActions fetch angular-local-storage@0.5.0
72 silly decomposeActions extract angular-local-storage@0.5.0
73 silly decomposeActions test angular-local-storage@0.5.0
74 silly decomposeActions preinstall angular-local-storage@0.5.0
75 silly decomposeActions build angular-local-storage@0.5.0
76 silly decomposeActions install angular-local-storage@0.5.0
77 silly decomposeActions postinstall angular-local-storage@0.5.0
78 silly decomposeActions finalize angular-local-storage@0.5.0
79 silly runTopLevelLifecycles Starting
80 silly executeActions Starting
81 silly install executeActions
82 silly doSerial global-install 0
83 silly doParallel fetch 1
84 verbose correctMkdir C:\Users\Joe\AppData\Roaming\npm-cache\_locks correctMkdir not in flight; initializing
85 verbose lock using C:\Users\Joe\AppData\Roaming\npm-cache\_locks\staging-ff2e5c9e96cd2961.lock for C:\Users\Joe\Documents\source\ecommerce\node_modules\.staging
86 silly doParallel extract 1
87 silly extract angular-local-storage@0.5.0
88 verbose unbuild node_modules\.staging\angular-local-storage-653d3791
89 silly gentlyRm C:\Users\Joe\Documents\source\ecommerce\node_modules\.staging\angular-local-storage-653d3791 is being purged from base C:\Users\Joe\Documents\source\ecommerce
90 verbose gentlyRm don't care about contents; nuking C:\Users\Joe\Documents\source\ecommerce\node_modules\.staging\angular-local-storage-653d3791
91 verbose tar unpack C:\Users\Joe\AppData\Roaming\npm-cache\angular-local-storage\0.5.0\package.tgz
92 verbose tar unpacking to C:\Users\Joe\Documents\source\ecommerce\node_modules\.staging\angular-local-storage-653d3791
93 silly gentlyRm C:\Users\Joe\Documents\source\ecommerce\node_modules\.staging\angular-local-storage-653d3791 is being purged
94 verbose gentlyRm don't care about contents; nuking C:\Users\Joe\Documents\source\ecommerce\node_modules\.staging\angular-local-storage-653d3791
95 silly gunzTarPerm modes [ '777', '666' ]
96 silly gunzTarPerm extractEntry package.json
97 silly gunzTarPerm modified mode [ 'package.json', 436, 438 ]
98 silly gunzTarPerm extractEntry .npmignore
99 silly gunzTarPerm modified mode [ '.npmignore', 436, 438 ]
100 silly gunzTarPerm extractEntry README.md
101 silly gunzTarPerm modified mode [ 'README.md', 436, 438 ]
102 silly gunzTarPerm extractEntry LICENSE
103 silly gunzTarPerm modified mode [ 'LICENSE', 436, 438 ]
104 silly gunzTarPerm extractEntry Gruntfile.js
105 silly gunzTarPerm modified mode [ 'Gruntfile.js', 436, 438 ]
106 silly gunzTarPerm extractEntry index.js
107 silly gunzTarPerm modified mode [ 'index.js', 436, 438 ]
108 silly gunzTarPerm extractEntry CHANGELOG.md
109 silly gunzTarPerm modified mode [ 'CHANGELOG.md', 436, 438 ]
110 silly gunzTarPerm extractEntry .gitattributes
111 silly gunzTarPerm modified mode [ '.gitattributes', 436, 438 ]
112 silly gunzTarPerm extractEntry .editorconfig
113 silly gunzTarPerm modified mode [ '.editorconfig', 436, 438 ]
114 silly gunzTarPerm extractEntry bower.json
115 silly gunzTarPerm modified mode [ 'bower.json', 436, 438 ]
116 silly gunzTarPerm extractEntry demo/demo-app.js
117 silly gunzTarPerm modified mode [ 'demo/demo-app.js', 436, 438 ]
118 silly gunzTarPerm extractEntry demo/demo-style.css
119 silly gunzTarPerm modified mode [ 'demo/demo-style.css', 436, 438 ]
120 silly gunzTarPerm extractEntry demo/demo.html
121 silly gunzTarPerm modified mode [ 'demo/demo.html', 436, 438 ]
122 silly gunzTarPerm extractEntry dist/angular-local-storage.js
123 silly gunzTarPerm modified mode [ 'dist/angular-local-storage.js', 436, 438 ]
124 silly gunzTarPerm extractEntry dist/angular-local-storage.min.js
125 silly gunzTarPerm modified mode [ 'dist/angular-local-storage.min.js', 436, 438 ]
126 silly gunzTarPerm extractEntry dist/angular-local-storage.min.js.map
127 silly gunzTarPerm modified mode [ 'dist/angular-local-storage.min.js.map', 436, 438 ]
128 silly gunzTarPerm extractEntry .bowerrc
129 silly gunzTarPerm modified mode [ '.bowerrc', 436, 438 ]
130 silly gunzTarPerm extractEntry src/angular-local-storage.js
131 silly gunzTarPerm modified mode [ 'src/angular-local-storage.js', 436, 438 ]
132 silly gunzTarPerm extractEntry .travis.yml
133 silly gunzTarPerm modified mode [ '.travis.yml', 436, 438 ]
134 silly gunzTarPerm extractEntry test/karma.conf.js
135 silly gunzTarPerm modified mode [ 'test/karma.conf.js', 436, 438 ]
136 silly gunzTarPerm extractEntry test/.jshintrc
137 silly gunzTarPerm modified mode [ 'test/.jshintrc', 436, 438 ]
138 silly gunzTarPerm extractEntry test/mock/localStorageMock.js
139 silly gunzTarPerm modified mode [ 'test/mock/localStorageMock.js', 436, 438 ]
140 silly gunzTarPerm extractEntry test/spec/localStorageSpec.js
141 silly gunzTarPerm modified mode [ 'test/spec/localStorageSpec.js', 436, 438 ]
142 silly gentlyRm C:\Users\Joe\Documents\source\ecommerce\node_modules\.staging\angular-local-storage-653d3791\node_modules is being purged
143 verbose gentlyRm don't care about contents; nuking C:\Users\Joe\Documents\source\ecommerce\node_modules\.staging\angular-local-storage-653d3791\node_modules
144 silly doParallel preinstall 1
145 silly preinstall angular-local-storage@0.5.0 C:\Users\Joe\Documents\source\ecommerce\node_modules\.staging\angular-local-storage-653d3791
146 info lifecycle angular-local-storage@0.5.0~preinstall: angular-local-storage@0.5.0
147 silly lifecycle angular-local-storage@0.5.0~preinstall: no script for preinstall, continuing
148 silly doReverseSerial remove 0
149 silly doSerial move 0
150 silly doSerial finalize 1
151 silly finalize C:\Users\Joe\Documents\source\ecommerce\node_modules\angular-local-storage
152 verbose unlock done using C:\Users\Joe\AppData\Roaming\npm-cache\_locks\staging-ff2e5c9e96cd2961.lock for C:\Users\Joe\Documents\source\ecommerce\node_modules\.staging
153 silly rollbackFailedOptional Starting
154 silly rollbackFailedOptional Finishing
155 silly runTopLevelLifecycles Finishing
156 silly install printInstalled
157 verbose stack Error: EPERM: operation not permitted, rename 'C:\Users\Joe\Documents\source\ecommerce\node_modules\angular-local-storage' -> 'C:\Users\Joe\Documents\source\ecommerce\node_modules\.angular-local-storage.DELETE'
157 verbose stack     at moveAway (C:\Program Files\nodejs\node_modules\npm\lib\install\action\finalize.js:38:5)
157 verbose stack     at destStatted (C:\Program Files\nodejs\node_modules\npm\lib\install\action\finalize.js:27:7)
157 verbose stack     at FSReqWrap.oncomplete (fs.js:123:15)
157 verbose stack
157 verbose stack Error: EPERM: operation not permitted, rename 'C:\Users\Joe\Documents\source\ecommerce\node_modules\angular-local-storage' -> 'C:\Users\Joe\Documents\source\ecommerce\node_modules\.angular-local-storage.DELETE'
157 verbose stack     at Error (native)
158 verbose cwd C:\Users\Joe\Documents\source\ecommerce
159 error Windows_NT 10.0.14393
160 error argv "C:\\Program Files\\nodejs\\node.exe" "C:\\Program Files\\nodejs\\node_modules\\npm\\bin\\npm-cli.js" "install" "angular-local-storage"
161 error node v6.9.1
162 error npm  v3.10.8
163 error path C:\Users\Joe\Documents\source\ecommerce\node_modules\angular-local-storage
164 error code EPERM
165 error errno -4048
166 error syscall rename
167 error Error: EPERM: operation not permitted, rename 'C:\Users\Joe\Documents\source\ecommerce\node_modules\angular-local-storage' -> 'C:\Users\Joe\Documents\source\ecommerce\node_modules\.angular-local-storage.DELETE'
167 error     at moveAway (C:\Program Files\nodejs\node_modules\npm\lib\install\action\finalize.js:38:5)
167 error     at destStatted (C:\Program Files\nodejs\node_modules\npm\lib\install\action\finalize.js:27:7)
167 error     at FSReqWrap.oncomplete (fs.js:123:15)
167 error
167 error Error: EPERM: operation not permitted, rename 'C:\Users\Joe\Documents\source\ecommerce\node_modules\angular-local-storage' -> 'C:\Users\Joe\Documents\source\ecommerce\node_modules\.angular-local-storage.DELETE'
167 error     at Error (native)
167 error  { Error: EPERM: operation not permitted, rename 'C:\Users\Joe\Documents\source\ecommerce\node_modules\angular-local-storage' -> 'C:\Users\Joe\Documents\source\ecommerce\node_modules\.angular-local-storage.DELETE'
167 error     at moveAway (C:\Program Files\nodejs\node_modules\npm\lib\install\action\finalize.js:38:5)
167 error     at destStatted (C:\Program Files\nodejs\node_modules\npm\lib\install\action\finalize.js:27:7)
167 error     at FSReqWrap.oncomplete (fs.js:123:15)
167 error
167 error Error: EPERM: operation not permitted, rename 'C:\Users\Joe\Documents\source\ecommerce\node_modules\angular-local-storage' -> 'C:\Users\Joe\Documents\source\ecommerce\node_modules\.angular-local-storage.DELETE'
167 error     at Error (native) parent: 'ecommerce' }
168 error Please try running this command again as root/Administrator.
169 verbose exit [ -4048, true ]
